
11. okt. 2023 kl 12
SKIPPED [1] tests\test_log_helper.py:344: unconditional skip
SKIPPED [1] tests\test_log_helper.py:425: unconditional skip
SKIPPED [1] tests\test_pytest_bdd_logger.py:146: unconditional skip
SKIPPED [1] tests\test_pytest_bdd_logger_interface.py:107: unconditional skip
SKIPPED [1] ..\..\.virtualenvs\bdd_tests\Lib\site-packages\pytest_bdd\scenario.py:217: unconditional skip
SKIPPED [1] sah\test_fixture_order.py:36: unconditional skip
SKIPPED [1] sah\test_fixture_order.py:41: unconditional skip
SKIPPED [1] sah\test_pytestconfig.py:4: unconditional skip
FAILED tests/test_log_helper.py::test_log_func_call - AssertionError: Calls not found.
FAILED tests/test_pytest_bdd_logger.py::test_before_feature_do_update_context - AttributeError: <module 'tests.common.pytest_bdd_logger' from 'C:\\Users\\StenAkselHeien\\vscodeProjects\\bdd_tests\\tests\\common\\pytest_bdd_logger.py'> does not have the attribute 'l...
FAILED sah/test_debug_hooks.py::test_before_feature_called_once - AssertionError: assert None
FAILED sah/test_debug_hooks.py::test_inform_about_the_test_run - pytest_bdd.exceptions.StepDefinitionNotFoundError: Step definition is not found: Then "at before each step the "before_step" function is called". Line 38 in scenario "Inform about the t...
FAILED sah/test_debug_hooks.py::test_current_information_added_to_test_context_when_running - pytest_bdd.exceptions.StepDefinitionNotFoundError: Step definition is not found: Then "information in TEST_CONTEXT will not include "Current glue"". Line 55 in scenario "Current informa...
FAILED sah/test_debug_hooks.py::test_add_information_in_test_context_when_running_for_pytest_bdd_before_scenario - AssertionError: assert None
FAILED sah/test_debug_hooks.py::test_add_information_in_test_context_when_running[pytest_bdd_before_scenario-before_scenario] - pytest_bdd.exceptions.StepDefinitionNotFoundError: Step definition is not found: Given "a "pytest_bdd_before_scenario" Pytest-BDD hook function in conftest.py". Line 66 in scenario "Add...
FAILED sah/test_debug_hooks.py::test_inform_about_the_running_feature - pytest_bdd.exceptions.StepDefinitionNotFoundError: Step definition is not found: Given "a "pytest_bdd_before_scenario" pytest.hook function in conftest.py". Line 80 in scenario "Inform ...
FAILED sah/test_debug_hooks.py::test_inform_about_the_running_scenario - pytest_bdd.exceptions.StepDefinitionNotFoundError: Step definition is not found: Given "a "pytest_bdd_before_scenario" pytest.hook function in conftest.py". Line 90 in scenario "Inform ...
FAILED sah/test_debug_hooks.py::test_inform_about_the_pytestbdd_process_no_params - pytest_bdd.exceptions.StepDefinitionNotFoundError: Step definition is not found: Given "at the start of the glue code "log_params" function is called". Line 102 in scenario "Inform abou...
FAILED sah/test_debug_hooks.py::test_inform_about_the_pytestbdd_process - pytest_bdd.exceptions.StepDefinitionNotFoundError: Step definition is not found: Given "a step definition (aka a glue function)". Line 111 in scenario "Inform about the Pytest-BDD proce...
FAILED sah/test_debug_hooks.py::test_add_information_in_context_when_running - pytest_bdd.exceptions.StepDefinitionNotFoundError: Step definition is not found: Given "a scenario step using the "log_glue" function". Line 123 in scenario "Add information in context ...
FAILED sah/test_debug_hooks.py::test_glue_function_without_any_parameters__no_context_param - pytest_bdd.exceptions.StepDefinitionNotFoundError: Step definition is not found: Given "I have a glue function "glue_func_no_params" without parameters". Line 134 in scenario "glue func...
FAILED sah/test_debug_hooks.py::test_glue_function_with_context - AssertionError
FAILED sah/test_debug_hooks.py::test_glue_function_with_only_context_param - pytest_bdd.exceptions.StepDefinitionNotFoundError: Step definition is not found: Given "I have glue function "glue_func_with_context" with "context" parameter". Line 146 in scenario "gl...
FAILED sah/test_debug_hooks.py::test_using_context_information - pytest_bdd.exceptions.StepDefinitionNotFoundError: Step definition is not found: Given "I have glue function without any parameters (no context)". Line 157 in scenario "Using context in...
========================================================================= 16 failed, 41 passed, 8 skipped in 21.94s =========================================================================
